<?xml version="1.0" encoding="UTF-8"?>
<!-- Generated by org.testng.reporters.JUnitXMLReporter -->
<testsuite ignored="0" hostname="LAPTOP-KCK80MQ9" failures="1" tests="5" name="Surefire test" time="66.597" errors="0" timestamp="2024-01-08T20:48:37 EST">
  <testcase classname="com.qa.TNTestCases.AddToCartTest" name="addingProductsToCart" time="2.494"/>
  <testcase classname="com.qa.TNTestCases.CheckOutTest" name="checkoutProduct" time="7.62">
    <failure type="org.openqa.selenium.ElementClickInterceptedException" message="element click intercepted: Element &amp;lt;input type=&amp;quot;button&amp;quot; value=&amp;quot;Continue&amp;quot; id=&amp;quot;button-shipping-address&amp;quot; data-loading-text=&amp;quot;Loading...&amp;quot; class=&amp;quot;btn btn-primary&amp;quot;&amp;gt; is not clickable at point (1275, 267). Other element would receive the click: &amp;lt;h4 class=&amp;quot;panel-title&amp;quot;&amp;gt;...&amp;lt;/h4&amp;gt;
  (Session info: chrome=120.0.6099.131)
Build info: version: &amp;apos;4.15.0&amp;apos;, revision: &amp;apos;1d14b5521b&amp;apos;
System info: os.name: &amp;apos;Windows 11&amp;apos;, os.arch: &amp;apos;amd64&amp;apos;, os.version: &amp;apos;10.0&amp;apos;, java.version: &amp;apos;17.0.8&amp;apos;
Driver info: org.openqa.selenium.chrome.ChromeDriver
Command: [11e269a9a6388fa614a5d471e5baf85a, clickElement {id=F104C9BFAA2C79F9206AB290BA8D33BF_element_5160}]
Capabilities {acceptInsecureCerts: false, browserName: chrome, browserVersion: 120.0.6099.131, chrome: {chromedriverVersion: 120.0.6099.109 (3419140ab66..., userDataDir: C:\Users\rshiw\AppData\Loca...}, fedcm:accounts: true, goog:chromeOptions: {debuggerAddress: localhost:49727}, networkConnectionEnabled: false, pageLoadStrategy: normal, platformName: windows, proxy: Proxy(), se:cdp: ws://localhost:49727/devtoo..., se:cdpVersion: 120.0.6099.131, setWindowRect: true, strictFileInteractability: false, timeouts: {implicit: 0, pageLoad: 300000, script: 30000}, unhandledPromptBehavior: dismiss and notify, webauthn:extension:credBlob: true, webauthn:extension:largeBlob: true, webauthn:extension:minPinLength: true, webauthn:extension:prf: true, webauthn:virtualAuthenticators: true}
Element: [[ChromeDriver: chrome on windows (11e269a9a6388fa614a5d471e5baf85a)] -&amp;gt; id: button-shipping-address]
Session ID: 11e269a9a6388fa614a5d471e5baf85a">
      <![CDATA[org.openqa.selenium.ElementClickInterceptedException: element click intercepted: Element <input type="button" value="Continue" id="button-shipping-address" data-loading-text="Loading..." class="btn btn-primary"> is not clickable at point (1275, 267). Other element would receive the click: <h4 class="panel-title">...</h4>
  (Session info: chrome=120.0.6099.131)
Build info: version: '4.15.0', revision: '1d14b5521b'
System info: os.name: 'Windows 11', os.arch: 'amd64', os.version: '10.0', java.version: '17.0.8'
Driver info: org.openqa.selenium.chrome.ChromeDriver
Command: [11e269a9a6388fa614a5d471e5baf85a, clickElement {id=F104C9BFAA2C79F9206AB290BA8D33BF_element_5160}]
Capabilities {acceptInsecureCerts: false, browserName: chrome, browserVersion: 120.0.6099.131, chrome: {chromedriverVersion: 120.0.6099.109 (3419140ab66..., userDataDir: C:\Users\rshiw\AppData\Loca...}, fedcm:accounts: true, goog:chromeOptions: {debuggerAddress: localhost:49727}, networkConnectionEnabled: false, pageLoadStrategy: normal, platformName: windows, proxy: Proxy(), se:cdp: ws://localhost:49727/devtoo..., se:cdpVersion: 120.0.6099.131, setWindowRect: true, strictFileInteractability: false, timeouts: {implicit: 0, pageLoad: 300000, script: 30000}, unhandledPromptBehavior: dismiss and notify, webauthn:extension:credBlob: true, webauthn:extension:largeBlob: true, webauthn:extension:minPinLength: true, webauthn:extension:prf: true, webauthn:virtualAuthenticators: true}
Element: [[ChromeDriver: chrome on windows (11e269a9a6388fa614a5d471e5baf85a)] -> id: button-shipping-address]
Session ID: 11e269a9a6388fa614a5d471e5baf85a
at org.openqa.selenium.remote.codec.w3c.W3CHttpResponseCodec.createException(W3CHttpResponseCodec.java:200)
at org.openqa.selenium.remote.codec.w3c.W3CHttpResponseCodec.decode(W3CHttpResponseCodec.java:133)
at org.openqa.selenium.remote.codec.w3c.W3CHttpResponseCodec.decode(W3CHttpResponseCodec.java:52)
at org.openqa.selenium.remote.HttpCommandExecutor.execute(HttpCommandExecutor.java:191)
at org.openqa.selenium.remote.service.DriverCommandExecutor.invokeExecute(DriverCommandExecutor.java:200)
at org.openqa.selenium.remote.service.DriverCommandExecutor.execute(DriverCommandExecutor.java:175)
at org.openqa.selenium.remote.RemoteWebDriver.execute(RemoteWebDriver.java:607)
at org.openqa.selenium.remote.RemoteWebElement.execute(RemoteWebElement.java:224)
at org.openqa.selenium.remote.RemoteWebElement.click(RemoteWebElement.java:77)
at org.openqa.selenium.support.pagefactory.internal.LocatingElementHandler.invoke(LocatingElementHandler.java:51)
at jdk.proxy2/jdk.proxy2.$Proxy9.click(Unknown Source)
at com.qa.TNPages.ProductCheckOutPage.continueButtonShipping(ProductCheckOutPage.java:122)
at com.qa.TNTestCases.CheckOutTest.checkoutProduct(CheckOutTest.java:67)
at java.base/java.util.ArrayList.forEach(ArrayList.java:1511)
... Removed 41 stack frames]]>
    </failure>
  </testcase> <!-- checkoutProduct -->
  <testcase classname="com.qa.TNTestCases.LoginTest" name="verifyLoginWithValidCredentials" time="2.718"/>
  <testcase classname="com.qa.TNTestCases.RegisterTest" name="verifyRegisterWithAllFields" time="5.748"/>
  <testcase classname="com.qa.TNTestCases.SearchProductTest" name="SearchWithValidProduct" time="3.636"/>
</testsuite> <!-- Surefire test -->
